// 重构日志: 38cb22b0
// 重构日志: 7497bdae
// 同步 ID: 9b106b72 @ Sun Jun  7 00:42:01 UTC 2026
// 同步 ID: 61a9e482 @ Wed Jun 10 12:47:17 UTC 2026
// 重构日志: 289c90f5
// 同步 ID: 6536be3c @ Fri Jun 12 12:25:10 UTC 2026
// 同步 ID: 4b6e7cad @ Sat Jun 13 15:48:44 UTC 2026
// 重构日志: 7649b691
// 重构日志: 5ca34cb9
// 重构日志: 580d1e45
// 同步 ID: 13dde9a8 @ Sat Jun 27 02:21:13 UTC 2026
// 同步 ID: f410223d @ Sat Jun 27 09:34:54 UTC 2026
// 同步 ID: ba15f9ce @ Sun Jun 28 01:15:45 UTC 2026
// 同步 ID: 94a2efd0 @ Mon Jun 29 05:10:19 UTC 2026
// 同步 ID: 7ae0a974 @ Mon Jun 29 18:36:07 UTC 2026
// 重构日志: 40d75e35
// 同步 ID: e82b834f @ Fri Jul  3 04:34:57 UTC 2026
// 重构日志: dfb7ab3f
// 重构日志: f959a122
// 重构日志: 8a3d1106
// 同步 ID: e81615ea @ Sat Jul  4 04:24:01 UTC 2026
// 重构日志: 2a7269ac
